# JRE version: OpenJDK Runtime Environment Temurin-21.0.7+6 (21.0.7+6) (build 21.0.7+6-LTS)
# Java VM: OpenJDK 64-Bit Server VM Temurin-21.0.7+6 (21.0.7+6-LTS, mixed mode, sharing, tiered, compressed oops, compressed class ptrs, g1 gc, windows-amd64)
GC Precious Log:
 CardTable entry size: 512
 Card Set container configuration: InlinePtr #cards 5 size 8 Array Of Cards #cards 12 size 40 Howl #buckets 4 coarsen threshold 1843 Howl Bitmap #cards 512 size 80 coarsen threshold 460 Card regions per heap region 1 cards per card region 2048
 CPUs: 8 total, 8 available
 Memory: 6080M
 Large Page Support: Disabled
 NUMA Support: Disabled
 Compressed Oops: Enabled (32-bit)
 Heap Region Size: 1M
 Heap Min Capacity: 8M
 Heap Initial Capacity: 96M
 Heap Max Capacity: 1522M
 Pre-touch: Disabled
 Parallel Workers: 8
 Concurrent Workers: 2
 Concurrent Refinement Workers: 8
 Periodic GC: Disabled
Heap:
 garbage-first heap   total 139264K, used 89874K [0x00000000a0e00000, 0x0000000100000000)
  region size 1024K, 30 young (30720K), 6 survivors (6144K)
 Metaspace       used 41842K, committed 42560K, reserved 1114112K
  class space    used 4588K, committed 4992K, reserved 1048576K
GC Heap History (20 events):
Event: 21.183 GC heap before
{Heap before GC invocations=10 (full 0):
 garbage-first heap   total 98304K, used 78336K [0x00000000a0e00000, 0x0000000100000000)
  region size 1024K, 40 young (40960K), 6 survivors (6144K)
 Metaspace       used 31405K, committed 31808K, reserved 1114112K
  class space    used 3416K, committed 3584K, reserved 1048576K
}
Event: 21.198 GC heap after
{Heap after GC invocations=11 (full 0):
 garbage-first heap   total 98304K, used 45568K [0x00000000a0e00000, 0x0000000100000000)
  region size 1024K, 1 young (1024K), 1 survivors (1024K)
 Metaspace       used 31405K, committed 31808K, reserved 1114112K
  class space    used 3416K, committed 3584K, reserved 1048576K
}
Event: 22.594 GC heap before
{Heap before GC invocations=11 (full 0):
 garbage-first heap   total 98304K, used 82432K [0x00000000a0e00000, 0x0000000100000000)
  region size 1024K, 37 young (37888K), 1 survivors (1024K)
 Metaspace       used 32186K, committed 32704K, reserved 1114112K
  class space    used 3507K, committed 3712K, reserved 1048576K
}
Event: 22.606 GC heap after
{Heap after GC invocations=12 (full 0):
 garbage-first heap   total 98304K, used 47011K [0x00000000a0e00000, 0x0000000100000000)
  region size 1024K, 3 young (3072K), 3 survivors (3072K)
 Metaspace       used 32186K, committed 32704K, reserved 1114112K
  class space    used 3507K, committed 3712K, reserved 1048576K
}
Event: 23.729 GC heap before
{Heap before GC invocations=13 (full 0):
 garbage-first heap   total 98304K, used 83875K [0x00000000a0e00000, 0x0000000100000000)
  region size 1024K, 39 young (39936K), 3 survivors (3072K)
 Metaspace       used 32385K, committed 32896K, reserved 1114112K
  class space    used 3522K, committed 3776K, reserved 1048576K
}
Event: 23.742 GC heap after
{Heap after GC invocations=14 (full 0):
 garbage-first heap   total 98304K, used 48640K [0x00000000a0e00000, 0x0000000100000000)
  region size 1024K, 4 young (4096K), 4 survivors (4096K)
 Metaspace       used 32385K, committed 32896K, reserved 1114112K
  class space    used 3522K, committed 3776K, reserved 1048576K
}
Event: 24.290 GC heap before
{Heap before GC invocations=14 (full 0):
 garbage-first heap   total 98304K, used 86528K [0x00000000a0e00000, 0x0000000100000000)
  region size 1024K, 41 young (41984K), 4 survivors (4096K)
 Metaspace       used 32459K, committed 32960K, reserved 1114112K
  class space    used 3522K, committed 3776K, reserved 1048576K
}
Event: 24.304 GC heap after
{Heap after GC invocations=15 (full 0):
 garbage-first heap   total 118784K, used 48005K [0x00000000a0e00000, 0x0000000100000000)
  region size 1024K, 3 young (3072K), 3 survivors (3072K)
 Metaspace       used 32459K, committed 32960K, reserved 1114112K
  class space    used 3522K, committed 3776K, reserved 1048576K
}
Event: 27.299 GC heap before
{Heap before GC invocations=15 (full 0):
 garbage-first heap   total 118784K, used 104325K [0x00000000a0e00000, 0x0000000100000000)
  region size 1024K, 58 young (59392K), 3 survivors (3072K)
 Metaspace       used 34460K, committed 35072K, reserved 1114112K
  class space    used 3749K, committed 4032K, reserved 1048576K
}
Event: 27.317 GC heap after
{Heap after GC invocations=16 (full 0):
 garbage-first heap   total 118784K, used 49115K [0x00000000a0e00000, 0x0000000100000000)
  region size 1024K, 4 young (4096K), 4 survivors (4096K)
 Metaspace       used 34460K, committed 35072K, reserved 1114112K
  class space    used 3749K, committed 4032K, reserved 1048576K
}
Event: 32.894 GC heap before
{Heap before GC invocations=16 (full 0):
 garbage-first heap   total 118784K, used 112603K [0x00000000a0e00000, 0x0000000100000000)
  region size 1024K, 60 young (61440K), 4 survivors (4096K)
 Metaspace       used 35077K, committed 35648K, reserved 1114112K
  class space    used 3790K, committed 4096K, reserved 1048576K
}
Event: 32.952 GC heap after
{Heap after GC invocations=17 (full 0):
 garbage-first heap   total 128000K, used 64512K [0x00000000a0e00000, 0x0000000100000000)
  region size 1024K, 8 young (8192K), 8 survivors (8192K)
 Metaspace       used 35077K, committed 35648K, reserved 1114112K
  class space    used 3790K, committed 4096K, reserved 1048576K
}
Event: 35.660 GC heap before
{Heap before GC invocations=17 (full 0):
 garbage-first heap   total 128000K, used 108544K [0x00000000a0e00000, 0x0000000100000000)
  region size 1024K, 52 young (53248K), 8 survivors (8192K)
 Metaspace       used 35707K, committed 36288K, reserved 1114112K
  class space    used 3870K, committed 4160K, reserved 1048576K
}
Event: 35.689 GC heap after
{Heap after GC invocations=18 (full 0):
 garbage-first heap   total 129024K, used 75776K [0x00000000a0e00000, 0x0000000100000000)
  region size 1024K, 7 young (7168K), 7 survivors (7168K)
 Metaspace       used 35707K, committed 36288K, reserved 1114112K
  class space    used 3870K, committed 4160K, reserved 1048576K
}
Event: 41.901 GC heap before
{Heap before GC invocations=18 (full 0):
 garbage-first heap   total 129024K, used 110592K [0x00000000a0e00000, 0x0000000100000000)
  region size 1024K, 41 young (41984K), 7 survivors (7168K)
 Metaspace       used 37389K, committed 38016K, reserved 1114112K
  class space    used 4015K, committed 4352K, reserved 1048576K
}
Event: 41.923 GC heap after
{Heap after GC invocations=19 (full 0):
 garbage-first heap   total 129024K, used 74594K [0x00000000a0e00000, 0x0000000100000000)
  region size 1024K, 2 young (2048K), 2 survivors (2048K)
 Metaspace       used 37389K, committed 38016K, reserved 1114112K
  class space    used 4015K, committed 4352K, reserved 1048576K
}
Event: 45.369 GC heap before
{Heap before GC invocations=20 (full 0):
 garbage-first heap   total 135168K, used 135010K [0x00000000a0e00000, 0x0000000100000000)
  region size 1024K, 38 young (38912K), 2 survivors (2048K)
 Metaspace       used 39928K, committed 40576K, reserved 1114112K
  class space    used 4360K, committed 4672K, reserved 1048576K
}
Event: 45.379 GC heap after
{Heap after GC invocations=21 (full 0):
 garbage-first heap   total 139264K, used 75601K [0x00000000a0e00000, 0x0000000100000000)
  region size 1024K, 4 young (4096K), 4 survivors (4096K)
 Metaspace       used 39928K, committed 40576K, reserved 1114112K
  class space    used 4360K, committed 4672K, reserved 1048576K
}
Event: 51.297 GC heap before
{Heap before GC invocations=21 (full 0):
 garbage-first heap   total 139264K, used 123729K [0x00000000a0e00000, 0x0000000100000000)
  region size 1024K, 49 young (50176K), 4 survivors (4096K)
 Metaspace       used 41582K, committed 42304K, reserved 1114112K
  class space    used 4559K, committed 4928K, reserved 1048576K
}
Event: 51.308 GC heap after
{Heap after GC invocations=22 (full 0):
 garbage-first heap   total 139264K, used 64274K [0x00000000a0e00000, 0x0000000100000000)
  region size 1024K, 6 young (6144K), 6 survivors (6144K)
 Metaspace       used 41582K, committed 42304K, reserved 1114112K
  class space    used 4559K, committed 4928K, reserved 1048576K
}

